Mon Aug 28 2023 10:3:53 } [PH] info: Server running on port 5000
Mon Aug 28 2023 10:3:56 } [PH] info: Server running on port 5000
Mon Aug 28 2023 10:4:0 } [PH] info: Server running on port 5000
Mon Aug 28 2023 10:4:10 } [PH] info: Server running on port 5000
Mon Aug 28 2023 10:4:24 } [PH] info: Server running on port 5000
Mon Aug 28 2023 10:4:28 } [PH] info: Server running on port 5000
Mon Aug 28 2023 10:4:32 } [PH] info: Server running on port 5000
Mon Aug 28 2023 10:4:39 } [PH] info: Server running on port 5000
Mon Aug 28 2023 10:4:42 } [PH] info: Server running on port 5000
Mon Aug 28 2023 10:4:46 } [PH] info: Server running on port 5000
Mon Aug 28 2023 10:5:0 } [PH] info: Server running on port 5000
Mon Aug 28 2023 10:10:22 } [PH] info: Server running on port 5000
Mon Aug 28 2023 10:10:54 } [PH] info: Server running on port 5000
Mon Aug 28 2023 10:13:52 } [PH] info: Server running on port 5000
Mon Aug 28 2023 10:13:56 [PH] info: Server running on port 5000
[PH] Mon Aug 28 2023 10:14:29 info: Server running on port 5000
[PH] Mon Aug 28 2023 10:14:56 INFO: Server running on port 5000
[PH] Mon Aug 28 2023 10:15:4 [INFO: Server running on port 5000
[PH] Mon Aug 28 2023 10:15:7 [INFO]: Server running on port 5000
[PH] Mon Aug 28 2023 10:15:18  [INFO]: Server running on port 5000
[PH] Mon Aug 28 2023 10:15:30 ✅ [INFO]: Server running on port 5000
[PH] ✅ [INFO]: Server running on port 5000 Mon Aug 28 2023 10:15:45
✅ [INFO]: Server running on port 5000 Mon Aug 28 2023 10:15:55
✅ [INFO]: Server running on port 5000 Mon Aug 28 2023 10:16:3
✅ [INFO]: Server running on port 5000 ~ Mon Aug 28 2023 10:16:28
✅ [INFO]: Server running on port 5000 ~ 🕑Mon Aug 28 2023 10:17:1
✅ [INFO]: Server running on port 5000 ~ 🕑 Mon Aug 28 2023 10:17:6
✅ [INFO]: Server running on port 5000 ~ 🕑 [Time] Mon Aug 28 2023 10:17:22
✅ [INFO]: Server running on port 5000 ~ 🕑 [Time]: Mon Aug 28 2023 10:17:26
✅ [INFO]: Server running on port 5000 ~~ 🕑 [Time]: Mon Aug 28 2023 10:17:34
✅ [INFO]: Server running on port 5000 ~ 🕑 [Time]: Mon Aug 28 2023 10:17:40
✅ [INFO]: Server running on port 5000 ~ 🕑 [Time]: Mon Aug 28 2023 10:18:27
✅ [INFO]: Server running on port 5000 ~ 🕑 [Time]: Mon Aug 28 2023 10:18:31
✅ [INFO]: Server running on port 5000 ~ 🕑 [Time]: Mon Aug 28 2023 10:19:39
✅ [INFO]: Server running on port 5000 ~ 🕑 [Time]: Mon Aug 28 2023 10:29:45
✅ [INFO]: Server running on port 5000 ~ 🕑 [Time]: Mon Aug 28 2023 10:29:47
✅ [INFO]: Server running on port 5000 ~ 🕑 [Time]: Mon Aug 28 2023 10:29:52
✅ [INFO]: Server running on port 5000 ~ 🕑 [Time]: Mon Aug 28 2023 10:30:3
✅ [INFO]: Server running on port 5000 ~ 🕑 [Time]: Mon Aug 28 2023 10:30:28
✅ [INFO]: Server running on port 5000 ~ 🕑 [Time]: Mon Aug 28 2023 10:30:32
✅ [INFO]: Server running on port 5000 ~ 🕑 [Time]: Mon Aug 28 2023 10:30:48
✅ [INFO]: Server running on port 5000 ~ 🕑 [Time]: Mon Aug 28 2023 10:30:51
✅ [INFO]: Server running on port 5000 ~ 🕑 [Time]: Mon Aug 28 2023 10:30:58
✅ [INFO]: Server running on port 5000 ~ 🕑 [Time]: Mon Aug 28 2023 10:34:4
✅ [INFO]: Server running on port 5000 ~ 🕑 [Time]: Mon Aug 28 2023 10:34:7
✅ [INFO]: Server running on port 5000 ~ 🕑 [Time]: Mon Aug 28 2023 10:35:44
✅ [INFO]: Server running on port 5000 ~ 🕑 [Time]: Mon Aug 28 2023 10:56:48
✅ [INFO]: Server running on port 5000 ~ 🕑 [Time]: Mon Aug 28 2023 10:56:54
